Using pre-set license
Built from '2021.3/staging' branch; Version is '2021.3.20f1 (577897200b8b) revision 5732503'; Using compiler version '192829333'; Build Type 'Release'
OS: 'Windows 10  (10.0.19045) 64bit Core' Language: 'en' Physical Memory: 32605 MB
BatchMode: 1, IsHumanControllingUs: 0, StartBugReporterOnCrash: 0, Is64bit: 1, IsPro: 1

COMMAND LINE ARGUMENTS:
D:\2021.3.20f1\Editor\Unity.exe
-adb2
-batchMode
-noUpm
-name
AssetImportWorker8
-projectPath
D:/Repositories/VR_Diorama/VR_Diorama
-logFile
Logs/AssetImportWorker8.log
-srvPort
51928
Successfully changed project path to: D:/Repositories/VR_Diorama/VR_Diorama
D:/Repositories/VR_Diorama/VR_Diorama
[UnityMemory] Configuration Parameters - Can be set up in boot.config
    "memorysetup-bucket-allocator-granularity=16"
    "memorysetup-bucket-allocator-bucket-count=8"
    "memorysetup-bucket-allocator-block-size=33554432"
    "memorysetup-bucket-allocator-block-count=8"
    "memorysetup-main-allocator-block-size=16777216"
    "memorysetup-thread-allocator-block-size=16777216"
    "memorysetup-gfx-main-allocator-block-size=16777216"
    "memorysetup-gfx-thread-allocator-block-size=16777216"
    "memorysetup-cache-allocator-block-size=4194304"
    "memorysetup-typetree-allocator-block-size=2097152"
    "memorysetup-profiler-bucket-allocator-granularity=16"
    "memorysetup-profiler-bucket-allocator-bucket-count=8"
    "memorysetup-profiler-bucket-allocator-block-size=33554432"
    "memorysetup-profiler-bucket-allocator-block-count=8"
    "memorysetup-profiler-allocator-block-size=16777216"
    "memorysetup-profiler-editor-allocator-block-size=1048576"
    "memorysetup-temp-allocator-size-main=16777216"
    "memorysetup-job-temp-allocator-block-size=2097152"
    "memorysetup-job-temp-allocator-block-size-background=1048576"
    "memorysetup-job-temp-allocator-reduction-small-platforms=262144"
    "memorysetup-temp-allocator-size-background-worker=32768"
    "memorysetup-temp-allocator-size-job-worker=262144"
    "memorysetup-temp-allocator-size-preload-manager=33554432"
    "memorysetup-temp-allocator-size-nav-mesh-worker=65536"
    "memorysetup-temp-allocator-size-audio-worker=65536"
    "memorysetup-temp-allocator-size-cloud-worker=32768"
    "memorysetup-temp-allocator-size-gi-baking-worker=262144"
    "memorysetup-temp-allocator-size-gfx=262144"
Player connection [46000] Host "[IP] 172.30.30.144 [Port] 0 [Flags] 2 [Guid] 382837189 [EditorId] 382837189 [Version] 1048832 [Id] WindowsEditor(7,DESKTOP-15EUFPM) [Debug] 1 [PackageName] WindowsEditor [ProjectName] Editor" joined multi-casting on [225.0.0.222:54997]...

Player connection [46000] Host "[IP] 172.30.30.144 [Port] 0 [Flags] 2 [Guid] 382837189 [EditorId] 382837189 [Version] 1048832 [Id] WindowsEditor(7,DESKTOP-15EUFPM) [Debug] 1 [PackageName] WindowsEditor [ProjectName] Editor" joined alternative multi-casting on [225.0.0.222:34997]...

Refreshing native plugins compatible for Editor in 81.49 ms, found 3 plugins.
Preloading 0 native plugins for Editor in 0.00 ms.
Initialize engine version: 2021.3.20f1 (577897200b8b)
[Subsystems] Discovering subsystems at path D:/2021.3.20f1/Editor/Data/Resources/UnitySubsystems
[Subsystems] Discovering subsystems at path D:/Repositories/VR_Diorama/VR_Diorama/Assets
GfxDevice: creating device client; threaded=0; jobified=0
Direct3D:
    Version:  Direct3D 11.0 [level 11.1]
    Renderer: NVIDIA GeForce RTX 3050 (ID=0x2507)
    Vendor:   NVIDIA
    VRAM:     8056 MB
    Driver:   31.0.15.3623
Initialize mono
Mono path[0] = 'D:/2021.3.20f1/Editor/Data/Managed'
Mono path[1] = 'D:/2021.3.20f1/Editor/Data/MonoBleedingEdge/lib/mono/unityjit-win32'
Mono config path = 'D:/2021.3.20f1/Editor/Data/MonoBleedingEdge/etc'
Using monoOptions --debugger-agent=transport=dt_socket,embedding=1,server=y,suspend=n,address=127.0.0.1:56708
Begin MonoManager ReloadAssembly
Registering precompiled unity dll's ...
Register platform support module: D:/2021.3.20f1/Editor/Data/PlaybackEngines/WebGLSupport/UnityEditor.WebGL.Extensions.dll
Register platform support module: D:/2021.3.20f1/Editor/Data/PlaybackEngines/WindowsStandaloneSupport/UnityEditor.WindowsStandalone.Extensions.dll
Registered in 0.001589 seconds.
Native extension for WindowsStandalone target not found
Native extension for WebGL target not found
Refreshing native plugins compatible for Editor in 67.86 ms, found 3 plugins.
Preloading 0 native plugins for Editor in 0.00 ms.
Mono: successfully reloaded assembly
- Completed reload, in  0.420 seconds
Domain Reload Profiling:
	ReloadAssembly (421ms)
		BeginReloadAssembly (57ms)
			ExecutionOrderSort (0ms)
			DisableScriptedObjects (0ms)
			BackupInstance (0ms)
			ReleaseScriptingObjects (0ms)
			CreateAndSetChildDomain (1ms)
		EndReloadAssembly (299ms)
			LoadAssemblies (57ms)
			RebuildTransferFunctionScriptingTraits (0ms)
			SetupTypeCache (70ms)
			ReleaseScriptCaches (0ms)
			RebuildScriptCaches (17ms)
			SetupLoadedEditorAssemblies (180ms)
				LogAssemblyErrors (0ms)
				InitializePlatformSupportModulesInManaged (5ms)
				SetLoadedEditorAssemblies (0ms)
				RefreshPlugins (68ms)
				BeforeProcessingInitializeOnLoad (1ms)
				ProcessInitializeOnLoadAttributes (78ms)
				ProcessInitializeOnLoadMethodAttributes (28ms)
				AfterProcessingInitializeOnLoad (0ms)
				EditorAssembliesLoaded (0ms)
			ExecutionOrderSort2 (0ms)
			AwakeInstancesAfterBackupRestoration (0ms)
Platform modules already initialized, skipping
Registering precompiled user dll's ...
Registered in 0.002905 seconds.
Begin MonoManager ReloadAssembly
Symbol file LoadedFromMemory doesn't match image D:\Repositories\VR_Diorama\VR_Diorama\Library\PackageCache\com.unity.visualscripting@1.8.0\Editor\VisualScripting.Core\Dependencies\YamlDotNet\Unity.VisualScripting.YamlDotNet.dll
Symbol file LoadedFromMemory doesn't match image D:\Repositories\VR_Diorama\VR_Diorama\Library\PackageCache\com.unity.visualscripting@1.8.0\Editor\VisualScripting.Core\Dependencies\DotNetZip\Unity.VisualScripting.IonicZip.dll
Native extension for WindowsStandalone target not found
Native extension for WebGL target not found
Refreshing native plugins compatible for Editor in 71.65 ms, found 3 plugins.
Preloading 0 native plugins for Editor in 0.00 ms.
Mono: successfully reloaded assembly
- Completed reload, in  0.743 seconds
Domain Reload Profiling:
	ReloadAssembly (744ms)
		BeginReloadAssembly (73ms)
			ExecutionOrderSort (0ms)
			DisableScriptedObjects (3ms)
			BackupInstance (0ms)
			ReleaseScriptingObjects (0ms)
			CreateAndSetChildDomain (13ms)
		EndReloadAssembly (601ms)
			LoadAssemblies (54ms)
			RebuildTransferFunctionScriptingTraits (0ms)
			SetupTypeCache (160ms)
			ReleaseScriptCaches (0ms)
			RebuildScriptCaches (36ms)
			SetupLoadedEditorAssemblies (334ms)
				LogAssemblyErrors (0ms)
				InitializePlatformSupportModulesInManaged (2ms)
				SetLoadedEditorAssemblies (0ms)
				RefreshPlugins (72ms)
				BeforeProcessingInitializeOnLoad (67ms)
				ProcessInitializeOnLoadAttributes (140ms)
				ProcessInitializeOnLoadMethodAttributes (51ms)
				AfterProcessingInitializeOnLoad (2ms)
				EditorAssembliesLoaded (0ms)
			ExecutionOrderSort2 (0ms)
			AwakeInstancesAfterBackupRestoration (4ms)
Platform modules already initialized, skipping
========================================================================
Worker process is ready to serve import requests
Launched and connected shader compiler UnityShaderCompiler.exe after 0.03 seconds
Refreshing native plugins compatible for Editor in 0.50 ms, found 3 plugins.
Preloading 0 native plugins for Editor in 0.00 ms.
Unloading 4706 Unused Serialized files (Serialized files now loaded: 0)
Unloading 41 unused Assets / (1.1 MB). Loaded Objects now: 5151.
Memory consumption went from 189.0 MB to 187.9 MB.
Total: 2.498300 ms (FindLiveObjects: 0.248600 ms CreateObjectMapping: 0.131200 ms MarkObjects: 1.810300 ms  DeleteObjects: 0.307500 ms)

AssetImportParameters requested are different than current active one (requested -> active):
  custom:video-decoder-ogg-theora: a1e56fd34408186e4bbccfd4996cb3dc -> 
  custom:container-muxer-webm: aa71ff27fc2769a1b78a27578f13a17b -> 
  custom:container-demuxer-webm: 4f35f7cbe854078d1ac9338744f61a02 -> 
  custom:video-encoder-webm-vp8: eb34c28f22e8b96e1ab97ce403110664 -> 
  custom:audio-encoder-webm-vorbis: bf7c407c2cedff20999df2af8eb42d56 -> 
  custom:framework-win-MediaFoundation: 216162199b28c13a410421893ffa2e32 -> 
  custom:container-demuxer-ogg: 62fdf1f143b41e24485cea50d1cbac27 -> 
  custom:video-decoder-webm-vp8: 9c59270c3fd7afecdb556c50c9e8de78 -> 
  custom:audio-decoder-ogg-vorbis: bf7c407c2cedff20999df2af8eb42d56 -> 
========================================================================
Received Import Request.
  Time since last request: 560831.904615 seconds.
  path: Assets/ANGRY MESH/Snowman/Prefabs/Snow_Particles.prefab
  artifactKey: Guid(4ca04dc9501451e498e3f029e625ccaf) Importer(815301076,1909f56bfc062723c751e8b465ee728b)
Start importing Assets/ANGRY MESH/Snowman/Prefabs/Snow_Particles.prefab using Guid(4ca04dc9501451e498e3f029e625ccaf) Importer(815301076,1909f56bfc062723c751e8b465ee728b)  -> (artifact id: '9f0fa92ab9fa3b865e317be16162614a') in 0.205045 seconds 
========================================================================
Received Import Request.
  Time since last request: 65.065672 seconds.
  path: Assets/ANGRY MESH/Snowman/Post-Processing Profile Snowman.asset
  artifactKey: Guid(1c0b0c6874720aa44b0f32fb009da049) Importer(815301076,1909f56bfc062723c751e8b465ee728b)
Start importing Assets/ANGRY MESH/Snowman/Post-Processing Profile Snowman.asset using Guid(1c0b0c6874720aa44b0f32fb009da049) Importer(815301076,1909f56bfc062723c751e8b465ee728b)  -> (artifact id: 'd8247d879915da7642796cf08c277ab0') in 0.007219 seconds 
========================================================================
Received Import Request.
  Time since last request: 2.576214 seconds.
  path: Assets/ANGRY MESH/Snowman/Sources/Materials/Skybox.mat
  artifactKey: Guid(0045384acbb78fa4caea18b87f4aaa94) Importer(815301076,1909f56bfc062723c751e8b465ee728b)
Start importing Assets/ANGRY MESH/Snowman/Sources/Materials/Skybox.mat using Guid(0045384acbb78fa4caea18b87f4aaa94) Importer(815301076,1909f56bfc062723c751e8b465ee728b)  -> (artifact id: 'b927d80ef1d2af446a64203a5cc96239') in 0.082411 seconds 
========================================================================
Received Import Request.
  Time since last request: 42.237012 seconds.
  path: Assets/ANGRY MESH/Snowman/Sources/Materials/Snowman_02.mat
  artifactKey: Guid(cda2377c044674946a9f19ff4c3d9aa5) Importer(815301076,1909f56bfc062723c751e8b465ee728b)
Start importing Assets/ANGRY MESH/Snowman/Sources/Materials/Snowman_02.mat using Guid(cda2377c044674946a9f19ff4c3d9aa5) Importer(815301076,1909f56bfc062723c751e8b465ee728b)  -> (artifact id: '1acf4c95d0fc01273ee537a92a4808a6') in 0.820322 seconds 
========================================================================
Received Import Request.
  Time since last request: 14.422081 seconds.
  path: Assets/ANGRY MESH/Snowman/Sources/Materials/Snowman_01.mat
  artifactKey: Guid(d685de567cf8c7a459a4166d9b1d3408) Importer(815301076,1909f56bfc062723c751e8b465ee728b)
Start importing Assets/ANGRY MESH/Snowman/Sources/Materials/Snowman_01.mat using Guid(d685de567cf8c7a459a4166d9b1d3408) Importer(815301076,1909f56bfc062723c751e8b465ee728b)  -> (artifact id: '81df2058b67ca50376312b491b01c162') in 0.015382 seconds 
========================================================================
Received Import Request.
  Time since last request: 12.581354 seconds.
  path: Assets/ANGRY MESH/Snowman/Scene/Demo_Snowman.unity
  artifactKey: Guid(1d41a48dbc2f35e4da8f2383107173b8) Importer(815301076,1909f56bfc062723c751e8b465ee728b)
Start importing Assets/ANGRY MESH/Snowman/Scene/Demo_Snowman.unity using Guid(1d41a48dbc2f35e4da8f2383107173b8) Importer(815301076,1909f56bfc062723c751e8b465ee728b)  -> (artifact id: '200fca5220b63a9592a0c27581b0d57e') in 0.006295 seconds 
========================================================================
Received Import Request.
  Time since last request: 91.291473 seconds.
  path: Assets/ANGRY MESH/Snowman/Scene/SnowTerrain_Mat.mat
  artifactKey: Guid(b4118846a4b5a21478307466f0d52a9b) Importer(815301076,1909f56bfc062723c751e8b465ee728b)
Start importing Assets/ANGRY MESH/Snowman/Scene/SnowTerrain_Mat.mat using Guid(b4118846a4b5a21478307466f0d52a9b) Importer(815301076,1909f56bfc062723c751e8b465ee728b)  -> (artifact id: 'b7ef49f266f84ab7cb80cd122a593eb9') in 0.629803 seconds 
========================================================================
Received Import Request.
  Time since last request: 43.111587 seconds.
  path: Assets/ANGRY MESH/Snowman/Snowman_Terrain.asset
  artifactKey: Guid(13791977a344a3445872baf8b112246f) Importer(815301076,1909f56bfc062723c751e8b465ee728b)
Start importing Assets/ANGRY MESH/Snowman/Snowman_Terrain.asset using Guid(13791977a344a3445872baf8b112246f) Importer(815301076,1909f56bfc062723c751e8b465ee728b)  -> (artifact id: '4468b35eb7eb99a5162dc79b8012c09e') in 0.026039 seconds 
========================================================================
Received Import Request.
  Time since last request: 1.017863 seconds.
  path: Assets/_TerrainAutoUpgrade/layer_Ground_Snow_AlbedoGround_Snow_NM793646612c42751.terrainlayer
  artifactKey: Guid(0b35560c52049a94cba83069dca703c4) Importer(815301076,1909f56bfc062723c751e8b465ee728b)
Start importing Assets/_TerrainAutoUpgrade/layer_Ground_Snow_AlbedoGround_Snow_NM793646612c42751.terrainlayer using Guid(0b35560c52049a94cba83069dca703c4) Importer(815301076,1909f56bfc062723c751e8b465ee728b)  -> (artifact id: 'f6b7868590ed6be78cdee43bbbffe1a9') in 0.016757 seconds 
========================================================================
Received Import Request.
  Time since last request: 4.995867 seconds.
  path: Assets/Scenes/SampleScene.unity
  artifactKey: Guid(99c9720ab356a0642a771bea13969a05) Importer(815301076,1909f56bfc062723c751e8b465ee728b)
Start importing Assets/Scenes/SampleScene.unity using Guid(99c9720ab356a0642a771bea13969a05) Importer(815301076,1909f56bfc062723c751e8b465ee728b)  -> (artifact id: 'df5d877725cd11c58bd6459536132e8a') in 0.006445 seconds 
========================================================================
Received Import Request.
  Time since last request: 79.942742 seconds.
  path: Assets/Wispy Sky/Extras
  artifactKey: Guid(a954fc6a976e62446a90a2c04105b646) Importer(815301076,1909f56bfc062723c751e8b465ee728b)
Start importing Assets/Wispy Sky/Extras using Guid(a954fc6a976e62446a90a2c04105b646) Importer(815301076,1909f56bfc062723c751e8b465ee728b)  -> (artifact id: '1cbf25ac1e5f6fce5e4b959508b3837f') in 0.005654 seconds 
========================================================================
Received Import Request.
  Time since last request: 0.032009 seconds.
  path: Assets/Wispy Sky/Extras/SphericalRenderEXR.exr
  artifactKey: Guid(623f215c9cf5dc04aa628d4dd7b6bd73) Importer(815301076,1909f56bfc062723c751e8b465ee728b)
Start importing Assets/Wispy Sky/Extras/SphericalRenderEXR.exr using Guid(623f215c9cf5dc04aa628d4dd7b6bd73) Importer(815301076,1909f56bfc062723c751e8b465ee728b)  -> (artifact id: '6221632fba21a2227da9591875e9ae79') in 0.010777 seconds 
========================================================================
Received Import Request.
  Time since last request: 6.585297 seconds.
  path: Assets/Wispy Sky/Materials
  artifactKey: Guid(297298d1ec092b64aab2198cff67ccff) Importer(815301076,1909f56bfc062723c751e8b465ee728b)
Start importing Assets/Wispy Sky/Materials using Guid(297298d1ec092b64aab2198cff67ccff) Importer(815301076,1909f56bfc062723c751e8b465ee728b)  -> (artifact id: '1b4d0eecd9e1c7072677f656834a53f3') in 0.006571 seconds 
========================================================================
Received Import Request.
  Time since last request: 0.075613 seconds.
  path: Assets/Wispy Sky/Materials/WispyCubemap.cubemap
  artifactKey: Guid(3977a445bc0cbf1498161e4f4b99b771) Importer(815301076,1909f56bfc062723c751e8b465ee728b)
Start importing Assets/Wispy Sky/Materials/WispyCubemap.cubemap using Guid(3977a445bc0cbf1498161e4f4b99b771) Importer(815301076,1909f56bfc062723c751e8b465ee728b)  -> (artifact id: '6108b3db214fa50c4e6bf6d189142621') in 0.064588 seconds 
